<?xml version="1.0" encoding="UTF-8"?>
<testng-results skipped="0" failed="0" ignored="0" total="1" passed="1">
  <reporter-output>
  </reporter-output>
  <suite name="Default suite" duration-ms="19198" started-at="2018-04-05T10:28:00Z" finished-at="2018-04-05T10:28:20Z">
    <groups>
    </groups>
    <test name="Default test" duration-ms="19198" started-at="2018-04-05T10:28:00Z" finished-at="2018-04-05T10:28:20Z">
      <class name="Execute.Executionreadexcel">
        <test-method status="PASS" signature="perform()[pri:0, instance:Execute.Executionreadexcel@2b98378d]" name="perform" duration-ms="19170" started-at="2018-04-05T10:28:00Z" finished-at="2018-04-05T10:28:20Z">
          <reporter-output>
          </reporter-output>
        </test-method> <!-- perform -->
      </class> <!-- Execute.Executionreadexcel -->
    </test> <!-- Default test -->
  </suite> <!-- Default suite -->
</testng-results>
